d:\eurecom\imsecu\vc2010\images\tp.bsc
d:\eurecom\imsecu\vc2010\debug\vc142.pdb
d:\eurecom\imsecu\vc2010\debug\vc142.idb
d:\eurecom\imsecu\vc2010\debug\cimage.sbr
d:\eurecom\imsecu\vc2010\debug\cimage.obj
d:\eurecom\imsecu\vc2010\debug\tp.sbr
d:\eurecom\imsecu\vc2010\debug\imgio.sbr
d:\eurecom\imsecu\vc2010\debug\imgio.obj
d:\eurecom\imsecu\vc2010\debug\tp.obj
d:\eurecom\imsecu\vc2010\images\tp.exe
d:\eurecom\imsecu\vc2010\images\tp.pdb
d:\eurecom\imsecu\vc2010\debug\tp.exe.embed.manifest
d:\eurecom\imsecu\vc2010\debug\tp.exe.intermediate.manifest
d:\eurecom\imsecu\vc2010\debug\tp.exe.embed.manifest.res
d:\eurecom\imsecu\vc2010\debug\vc141.idb
d:\eurecom\imsecu\vc2010\debug\vc80.idb
d:\eurecom\imsecu\vc2010\debug\vc141.pdb
d:\eurecom\imsecu\vc2010\debug\vc80.pdb
d:\eurecom\imsecu\vc2010\.\images\tp.exe
d:\eurecom\imsecu\vc2010\debug\tp.tlog\bscmake.command.1.tlog
d:\eurecom\imsecu\vc2010\debug\tp.tlog\bscmake.read.1.tlog
d:\eurecom\imsecu\vc2010\debug\tp.tlog\bscmake.write.1.tlog
d:\eurecom\imsecu\vc2010\debug\tp.tlog\cl.command.1.tlog
d:\eurecom\imsecu\vc2010\debug\tp.tlog\cl.read.1.tlog
d:\eurecom\imsecu\vc2010\debug\tp.tlog\cl.write.1.tlog
d:\eurecom\imsecu\vc2010\debug\tp.tlog\link.command.1.tlog
d:\eurecom\imsecu\vc2010\debug\tp.tlog\link.read.1.tlog
d:\eurecom\imsecu\vc2010\debug\tp.tlog\link.write.1.tlog
